2025-05-26 10:45:24: pubClient connected
2025-05-26 10:45:24: subClient connected
2025-05-26 10:45:24: redisClient connected
2025-05-26 10:45:24: pubClient ready
2025-05-26 10:45:24: subClient ready
2025-05-26 10:45:24: redisClient ready
2025-05-26 10:45:24: Socket.IO server with Redis running on port 7001
2025-05-26 10:45:24: Allowed origins: https://globalsingleline.singles
2025-05-26 10:45:24: pubClient connected
2025-05-26 10:45:24: subClient connected
2025-05-26 10:45:24: redisClient connected
2025-05-26 10:45:24: pubClient ready
2025-05-26 10:45:24: subClient ready
2025-05-26 10:45:24: redisClient ready
2025-05-26 10:45:24: Socket.IO server with Redis running on port 7001
2025-05-26 10:45:24: Allowed origins: https://globalsingleline.singles
2025-05-26 10:45:24: pubClient connected
2025-05-26 10:45:24: subClient connected
2025-05-26 10:45:24: redisClient connected
2025-05-26 10:45:24: pubClient ready
2025-05-26 10:45:24: subClient ready
2025-05-26 10:45:24: redisClient ready
2025-05-26 10:45:24: Socket.IO server with Redis running on port 7001
2025-05-26 10:45:24: Allowed origins: https://globalsingleline.singles
2025-05-26 10:45:24: pubClient connected
2025-05-26 10:45:24: subClient connected
2025-05-26 10:45:24: redisClient connected
2025-05-26 10:45:24: pubClient ready
2025-05-26 10:45:24: subClient ready
2025-05-26 10:45:24: redisClient ready
2025-05-26 10:45:24: Socket.IO server with Redis running on port 7001
2025-05-26 10:45:24: Allowed origins: https://globalsingleline.singles
2025-05-26 10:50:54: 
Shutting down gracefully...
2025-05-26 10:50:54: pubClient disconnected
2025-05-26 10:50:54: 
Shutting down gracefully...
2025-05-26 10:50:54: subClient disconnected
2025-05-26 10:50:54: pubClient disconnected
2025-05-26 10:50:54: redisClient disconnected
2025-05-26 10:50:54: subClient disconnected
2025-05-26 10:50:54: redisClient disconnected
2025-05-26 10:50:54: 
Shutting down gracefully...
2025-05-26 10:50:54: pubClient disconnected
2025-05-26 10:50:54: subClient disconnected
2025-05-26 10:50:54: redisClient disconnected
2025-05-26 10:50:54: 
Shutting down gracefully...
2025-05-26 10:50:54: pubClient disconnected
2025-05-26 10:50:54: subClient disconnected
2025-05-26 10:50:55: pubClient connected
2025-05-26 10:50:55: subClient connected
2025-05-26 10:50:55: redisClient connected
2025-05-26 10:50:55: pubClient ready
2025-05-26 10:50:55: subClient ready
2025-05-26 10:50:55: redisClient ready
2025-05-26 10:50:55: Socket.IO server with Redis running on port 7001
2025-05-26 10:50:55: Allowed origins: https://globalsingleline.singles
2025-05-26 10:50:55: pubClient connected
2025-05-26 10:50:55: subClient connected
2025-05-26 10:50:55: redisClient connected
2025-05-26 10:50:55: pubClient ready
2025-05-26 10:50:55: subClient ready
2025-05-26 10:50:55: redisClient ready
2025-05-26 10:50:55: Socket.IO server with Redis running on port 7001
2025-05-26 10:50:55: Allowed origins: https://globalsingleline.singles
2025-05-26 10:50:55: pubClient connected
2025-05-26 10:50:55: subClient connected
2025-05-26 10:50:55: redisClient connected
2025-05-26 10:50:55: pubClient connected
2025-05-26 10:50:55: pubClient ready
2025-05-26 10:50:55: subClient ready
2025-05-26 10:50:55: redisClient ready
2025-05-26 10:50:55: Socket.IO server with Redis running on port 7001
2025-05-26 10:50:55: Allowed origins: https://globalsingleline.singles
2025-05-26 10:50:55: subClient connected
2025-05-26 10:50:55: redisClient connected
2025-05-26 10:50:55: pubClient ready
2025-05-26 10:50:55: subClient ready
2025-05-26 10:50:55: redisClient ready
2025-05-26 10:50:55: Socket.IO server with Redis running on port 7001
2025-05-26 10:50:55: Allowed origins: https://globalsingleline.singles
2025-05-26 10:59:39: 
Shutting down gracefully...
2025-05-26 10:59:39: pubClient disconnected
2025-05-26 10:59:39: 
Shutting down gracefully...
2025-05-26 10:59:39: subClient disconnected
2025-05-26 10:59:39: redisClient disconnected
2025-05-26 10:59:39: pubClient disconnected
2025-05-26 10:59:39: subClient disconnected
2025-05-26 10:59:39: redisClient disconnected
2025-05-26 10:59:39: 
Shutting down gracefully...
2025-05-26 10:59:39: pubClient disconnected
2025-05-26 10:59:39: 
Shutting down gracefully...
2025-05-26 10:59:39: pubClient disconnected
2025-05-26 10:59:39: subClient disconnected
2025-05-26 10:59:40: pubClient connected
2025-05-26 10:59:40: subClient connected
2025-05-26 10:59:40: redisClient connected
2025-05-26 10:59:40: pubClient ready
2025-05-26 10:59:40: subClient ready
2025-05-26 10:59:40: redisClient ready
2025-05-26 10:59:40: Socket.IO server with Redis running on port 7001
2025-05-26 10:59:40: Allowed origins: https://globalsingleline.singles
2025-05-26 10:59:40: pubClient connected
2025-05-26 10:59:40: subClient connected
2025-05-26 10:59:40: redisClient connected
2025-05-26 10:59:40: pubClient ready
2025-05-26 10:59:40: subClient ready
2025-05-26 10:59:40: redisClient ready
2025-05-26 10:59:40: Socket.IO server with Redis running on port 7001
2025-05-26 10:59:40: Allowed origins: https://globalsingleline.singles
2025-05-26 10:59:40: pubClient connected
2025-05-26 10:59:40: pubClient connected
2025-05-26 10:59:40: subClient connected
2025-05-26 10:59:40: redisClient connected
2025-05-26 10:59:40: subClient connected
2025-05-26 10:59:40: redisClient connected
2025-05-26 10:59:40: pubClient ready
2025-05-26 10:59:40: subClient ready
2025-05-26 10:59:40: redisClient ready
2025-05-26 10:59:40: pubClient ready
2025-05-26 10:59:40: subClient ready
2025-05-26 10:59:40: redisClient ready
2025-05-26 10:59:40: Socket.IO server with Redis running on port 7001
2025-05-26 10:59:40: Socket.IO server with Redis running on port 7001
2025-05-26 10:59:40: Allowed origins: https://globalsingleline.singles
2025-05-26 10:59:40: Allowed origins: https://globalsingleline.singles
2025-05-26 11:32:01: 
Shutting down gracefully...
2025-05-26 11:32:01: pubClient disconnected
2025-05-26 11:32:01: subClient disconnected
2025-05-26 11:32:01: redisClient disconnected
2025-05-26 11:32:01: 
Shutting down gracefully...
2025-05-26 11:32:01: pubClient disconnected
2025-05-26 11:32:01: subClient disconnected
2025-05-26 11:32:01: redisClient disconnected
2025-05-26 11:32:01: 
Shutting down gracefully...
2025-05-26 11:32:01: pubClient disconnected
2025-05-26 11:32:01: subClient disconnected
2025-05-26 11:32:01: redisClient disconnected
2025-05-26 11:32:01: 
Shutting down gracefully...
2025-05-26 11:32:01: pubClient disconnected
2025-05-26 11:32:01: subClient disconnected
2025-05-26 11:32:01: redisClient disconnected
2025-05-26 11:32:02: pubClient connected
2025-05-26 11:32:02: subClient connected
2025-05-26 11:32:02: redisClient connected
2025-05-26 11:32:02: pubClient ready
2025-05-26 11:32:02: subClient ready
2025-05-26 11:32:02: redisClient ready
2025-05-26 11:32:02: Socket.IO server with Redis running on port 7001
2025-05-26 11:32:02: Allowed origins: https://globalsingleline.singles
2025-05-26 11:32:02: pubClient connected
2025-05-26 11:32:02: subClient connected
2025-05-26 11:32:02: redisClient connected
2025-05-26 11:32:02: pubClient ready
2025-05-26 11:32:02: subClient ready
2025-05-26 11:32:02: redisClient ready
2025-05-26 11:32:02: Socket.IO server with Redis running on port 7001
2025-05-26 11:32:02: Allowed origins: https://globalsingleline.singles
2025-05-26 11:32:03: pubClient connected
2025-05-26 11:32:03: subClient connected
2025-05-26 11:32:03: redisClient connected
2025-05-26 11:32:03: pubClient ready
2025-05-26 11:32:03: subClient ready
2025-05-26 11:32:03: redisClient ready
2025-05-26 11:32:03: Socket.IO server with Redis running on port 7001
2025-05-26 11:32:03: Allowed origins: https://globalsingleline.singles
2025-05-26 11:32:03: pubClient connected
2025-05-26 11:32:03: subClient connected
2025-05-26 11:32:03: redisClient connected
2025-05-26 11:32:03: pubClient ready
2025-05-26 11:32:03: subClient ready
2025-05-26 11:32:03: redisClient ready
2025-05-26 11:32:03: Socket.IO server with Redis running on port 7001
2025-05-26 11:32:03: Allowed origins: https://globalsingleline.singles
2025-05-26 20:42:56: 
Shutting down gracefully...
2025-05-26 20:42:56: pubClient disconnected
2025-05-26 20:42:56: subClient disconnected
2025-05-26 20:42:56: 
Shutting down gracefully...
2025-05-26 20:42:56: redisClient disconnected
2025-05-26 20:42:56: pubClient disconnected
2025-05-26 20:42:56: subClient disconnected
2025-05-26 20:42:56: 
Shutting down gracefully...
2025-05-26 20:42:56: pubClient disconnected
2025-05-26 20:42:56: subClient disconnected
2025-05-26 20:42:56: redisClient disconnected
2025-05-26 20:42:56: 
Shutting down gracefully...
2025-05-26 20:42:56: pubClient disconnected
2025-05-26 20:42:56: subClient disconnected
2025-05-26 20:42:56: redisClient disconnected
2025-05-26 20:42:57: pubClient connected
2025-05-26 20:42:57: subClient connected
2025-05-26 20:42:57: redisClient connected
2025-05-26 20:42:57: pubClient ready
2025-05-26 20:42:57: subClient ready
2025-05-26 20:42:57: redisClient ready
2025-05-26 20:42:57: Socket.IO server with Redis running on port 7001
2025-05-26 20:42:57: Allowed origins: https://globalsingleline.singles
2025-05-26 20:42:57: pubClient connected
2025-05-26 20:42:57: subClient connected
2025-05-26 20:42:57: redisClient connected
2025-05-26 20:42:57: pubClient ready
2025-05-26 20:42:57: subClient ready
2025-05-26 20:42:57: redisClient ready
2025-05-26 20:42:57: Socket.IO server with Redis running on port 7001
2025-05-26 20:42:57: Allowed origins: https://globalsingleline.singles
2025-05-26 20:42:57: pubClient connected
2025-05-26 20:42:57: subClient connected
2025-05-26 20:42:57: redisClient connected
2025-05-26 20:42:57: pubClient connected
2025-05-26 20:42:57: subClient connected
2025-05-26 20:42:57: redisClient connected
2025-05-26 20:42:57: pubClient ready
2025-05-26 20:42:57: subClient ready
2025-05-26 20:42:57: redisClient ready
2025-05-26 20:42:57: Socket.IO server with Redis running on port 7001
2025-05-26 20:42:57: Allowed origins: https://globalsingleline.singles
2025-05-26 20:42:57: pubClient ready
2025-05-26 20:42:57: subClient ready
2025-05-26 20:42:57: redisClient ready
2025-05-26 20:42:57: Socket.IO server with Redis running on port 7001
2025-05-26 20:42:57: Allowed origins: https://globalsingleline.singles
2025-05-27 12:33:17: New connection: m9WCy0bangnNqSDsAAAB
2025-05-27 12:33:18: User 32 connected
2025-05-27 12:33:28: New connection: FHSB2gKeY7ECxm2jAAAB
2025-05-27 12:33:28: User 32 connected
2025-05-27 12:37:31: New connection: efRSXW3dhie50jTGAAAB
2025-05-27 12:37:31: User 32 connected
2025-05-27 12:41:23: New connection: xJvnzLXc6kaJBzjsAAAB
2025-05-27 12:41:23: User 32 connected
2025-05-27 12:41:36: New connection: 7Qi6kHlKDB_lnRfuAAAD
2025-05-27 12:41:36: User 32 connected
2025-05-27 12:45:10: New connection: K1X1HBkSmpta0Q31AAAD
2025-05-27 12:45:10: User 32 connected
2025-05-27 12:45:12: User K1X1HBkSmpta0Q31AAAD typing to null
2025-05-27 12:45:13: User K1X1HBkSmpta0Q31AAAD typing to null
2025-05-27 12:45:16: User K1X1HBkSmpta0Q31AAAD typing to null
2025-05-27 12:45:16: User K1X1HBkSmpta0Q31AAAD typing to null
2025-05-27 12:45:16: User K1X1HBkSmpta0Q31AAAD typing to null
2025-05-27 12:45:16: User K1X1HBkSmpta0Q31AAAD typing to null
2025-05-27 12:45:16: User K1X1HBkSmpta0Q31AAAD typing to null
2025-05-27 12:45:17: User K1X1HBkSmpta0Q31AAAD typing to null
2025-05-27 12:45:17: User K1X1HBkSmpta0Q31AAAD typing to null
2025-05-27 12:45:17: User K1X1HBkSmpta0Q31AAAD typing to null
2025-05-27 12:45:18: User K1X1HBkSmpta0Q31AAAD typing to null
2025-05-27 12:45:18: User K1X1HBkSmpta0Q31AAAD typing to null
2025-05-27 12:45:18: User K1X1HBkSmpta0Q31AAAD typing to null
2025-05-27 12:45:18: User K1X1HBkSmpta0Q31AAAD typing to null
2025-05-27 12:45:20: User K1X1HBkSmpta0Q31AAAD typing to null
2025-05-27 12:45:21: User K1X1HBkSmpta0Q31AAAD typing to null
2025-05-27 12:45:21: User K1X1HBkSmpta0Q31AAAD typing to null
2025-05-27 12:45:21: User K1X1HBkSmpta0Q31AAAD typing to null
2025-05-27 12:45:22: User K1X1HBkSmpta0Q31AAAD typing to null
2025-05-27 12:45:23: User K1X1HBkSmpta0Q31AAAD typing to null
2025-05-27 12:45:23: User K1X1HBkSmpta0Q31AAAD typing to null
2025-05-27 12:45:24: User K1X1HBkSmpta0Q31AAAD typing to null
2025-05-27 12:45:24: User K1X1HBkSmpta0Q31AAAD typing to null
2025-05-27 12:45:26: User K1X1HBkSmpta0Q31AAAD typing to null
2025-05-27 12:45:26: User K1X1HBkSmpta0Q31AAAD typing to null
2025-05-27 12:45:29: User K1X1HBkSmpta0Q31AAAD typing to null
2025-05-27 12:45:29: User K1X1HBkSmpta0Q31AAAD typing to null
2025-05-27 12:45:29: User K1X1HBkSmpta0Q31AAAD typing to null
2025-05-27 12:45:29: User K1X1HBkSmpta0Q31AAAD typing to null
2025-05-27 12:45:30: User K1X1HBkSmpta0Q31AAAD typing to null
2025-05-27 12:45:30: User K1X1HBkSmpta0Q31AAAD typing to null
2025-05-27 12:45:30: User K1X1HBkSmpta0Q31AAAD typing to null
2025-05-27 12:45:30: User K1X1HBkSmpta0Q31AAAD typing to null
2025-05-27 12:45:30: User K1X1HBkSmpta0Q31AAAD typing to null
2025-05-27 12:45:30: User K1X1HBkSmpta0Q31AAAD typing to null
2025-05-27 12:45:32: User K1X1HBkSmpta0Q31AAAD typing to null
2025-05-27 12:45:32: User K1X1HBkSmpta0Q31AAAD typing to null
2025-05-27 12:45:32: User K1X1HBkSmpta0Q31AAAD typing to null
2025-05-27 12:45:32: User K1X1HBkSmpta0Q31AAAD typing to null
2025-05-27 12:45:32: User K1X1HBkSmpta0Q31AAAD typing to null
2025-05-27 12:45:32: User K1X1HBkSmpta0Q31AAAD typing to null
2025-05-27 12:45:32: User K1X1HBkSmpta0Q31AAAD typing to null
2025-05-27 12:45:32: User K1X1HBkSmpta0Q31AAAD typing to null
2025-05-27 12:45:33: User K1X1HBkSmpta0Q31AAAD typing to null
2025-05-27 12:45:33: User K1X1HBkSmpta0Q31AAAD typing to null
2025-05-27 12:45:34: User K1X1HBkSmpta0Q31AAAD typing to null
2025-05-27 12:45:34: User K1X1HBkSmpta0Q31AAAD typing to null
2025-05-27 12:45:34: User K1X1HBkSmpta0Q31AAAD typing to null
2025-05-27 12:45:34: User K1X1HBkSmpta0Q31AAAD typing to null
2025-05-27 12:45:35: User K1X1HBkSmpta0Q31AAAD typing to null
2025-05-27 12:45:35: User K1X1HBkSmpta0Q31AAAD typing to null
2025-05-27 12:45:35: User K1X1HBkSmpta0Q31AAAD typing to null
2025-05-27 12:45:35: User K1X1HBkSmpta0Q31AAAD typing to null
2025-05-27 12:45:36: User K1X1HBkSmpta0Q31AAAD typing to null
2025-05-27 12:45:37: User K1X1HBkSmpta0Q31AAAD typing to null
2025-05-27 12:45:37: User K1X1HBkSmpta0Q31AAAD typing to null
2025-05-27 12:45:37: User K1X1HBkSmpta0Q31AAAD typing to null
2025-05-27 12:45:38: User K1X1HBkSmpta0Q31AAAD typing to null
2025-05-27 12:45:38: User K1X1HBkSmpta0Q31AAAD typing to null
2025-05-27 12:45:39: User K1X1HBkSmpta0Q31AAAD typing to null
2025-05-27 12:45:39: User K1X1HBkSmpta0Q31AAAD typing to null
2025-05-27 12:45:39: User K1X1HBkSmpta0Q31AAAD typing to null
2025-05-27 12:45:39: User K1X1HBkSmpta0Q31AAAD typing to null
2025-05-27 12:45:40: User K1X1HBkSmpta0Q31AAAD typing to null
2025-05-27 12:45:40: User K1X1HBkSmpta0Q31AAAD typing to null
2025-05-27 12:45:41: User K1X1HBkSmpta0Q31AAAD typing to null
2025-05-27 12:45:41: User K1X1HBkSmpta0Q31AAAD typing to null
2025-05-27 12:45:51: New connection: kkaG5fiyPNsIBQvsAAAD
2025-05-27 12:45:51: User 32 connected
2025-05-27 12:46:23: New connection: fDSXiAd8HcF8_cBkAAAD
2025-05-27 12:46:23: User 32 connected
2025-05-27 12:46:30: New connection: FbWQJxgxoOIwKVJVAAAF
2025-05-27 12:46:30: User 32 connected
2025-05-27 12:48:12: New connection: f-o-ky1rTQfssmHtAAAF
2025-05-27 12:48:12: User 32 connected
2025-05-27 12:48:14: New connection: x0Ce8ACwHrF-ks65AAAF
2025-05-27 12:48:15: User 32 connected
2025-05-27 19:46:40: New connection: hcOy0HR36ziAfYQ7AAAF
2025-05-27 19:46:40: User 13 connected
2025-05-27 19:46:52: User hcOy0HR36ziAfYQ7AAAF typing to null
2025-05-27 19:46:52: User hcOy0HR36ziAfYQ7AAAF typing to null
2025-05-27 19:48:20: New connection: okwa0QU-CnkJcIOUAAAH
2025-05-27 19:48:21: User 1 connected
2025-05-27 19:48:24: User okwa0QU-CnkJcIOUAAAH typing to null
2025-05-27 19:48:25: User okwa0QU-CnkJcIOUAAAH typing to null
2025-05-27 19:48:25: Message Received from: 13
2025-05-27 19:48:25: User okwa0QU-CnkJcIOUAAAH typing to null
2025-05-27 19:48:25: User okwa0QU-CnkJcIOUAAAH typing to null
2025-05-27 19:48:25: User okwa0QU-CnkJcIOUAAAH typing to null
2025-05-27 19:48:26: User okwa0QU-CnkJcIOUAAAH typing to null
2025-05-27 19:48:26: User okwa0QU-CnkJcIOUAAAH typing to null
2025-05-28 07:15:50: New connection: owbBuz8cS0DmfNspAAAH
2025-05-28 07:15:50: User -979563375 connected
2025-05-28 07:16:28: New connection: uiudWMc42MX3WNYbAAAH
2025-05-28 07:16:28: User -979563375 connected
2025-05-28 07:17:13: New connection: 3xKZRJ1EYyNoVZHxAAAH
2025-05-28 07:17:13: User -979563375 connected
2025-05-28 08:22:36: New connection: 6VA213qx6nfCrY23AAAK
2025-05-28 08:23:09: New connection: 5mgJhEqAK3vx7QqdAAAK
2025-05-28 08:23:09: User -440106601 connected
2025-05-28 08:23:25: New connection: 6YsDAcOKFaV3DMoQAAAK
2025-05-28 08:23:25: User -440106601 connected
2025-05-28 08:23:34: User 6YsDAcOKFaV3DMoQAAAK typing to null
2025-05-28 08:23:34: User 6YsDAcOKFaV3DMoQAAAK typing to null
2025-05-28 08:23:34: User 6YsDAcOKFaV3DMoQAAAK typing to null
2025-05-28 08:23:36: User 6YsDAcOKFaV3DMoQAAAK typing to null
2025-05-28 08:23:37: User 6YsDAcOKFaV3DMoQAAAK typing to null
2025-05-28 08:23:37: User 6YsDAcOKFaV3DMoQAAAK typing to null
2025-05-28 08:23:38: User 6YsDAcOKFaV3DMoQAAAK typing to null
2025-05-28 08:23:38: User 6YsDAcOKFaV3DMoQAAAK typing to null
2025-05-28 08:23:39: User 6YsDAcOKFaV3DMoQAAAK typing to null
2025-05-28 08:23:41: User 6YsDAcOKFaV3DMoQAAAK typing to null
2025-05-28 08:23:42: User 6YsDAcOKFaV3DMoQAAAK typing to null
2025-05-28 08:23:43: User 6YsDAcOKFaV3DMoQAAAK typing to null
2025-05-28 08:23:43: User 6YsDAcOKFaV3DMoQAAAK typing to null
2025-05-28 08:23:45: User 6YsDAcOKFaV3DMoQAAAK typing to null
2025-05-28 08:23:46: User 6YsDAcOKFaV3DMoQAAAK typing to null
2025-05-28 08:23:47: User 6YsDAcOKFaV3DMoQAAAK typing to null
2025-05-28 08:23:49: User 6YsDAcOKFaV3DMoQAAAK typing to null
2025-05-28 08:23:50: User 6YsDAcOKFaV3DMoQAAAK typing to null
2025-05-28 08:23:50: User 6YsDAcOKFaV3DMoQAAAK typing to null
2025-05-28 08:23:50: User 6YsDAcOKFaV3DMoQAAAK typing to null
2025-05-28 08:23:52: User 6YsDAcOKFaV3DMoQAAAK typing to null
2025-05-28 08:23:53: User 6YsDAcOKFaV3DMoQAAAK typing to null
2025-05-28 08:23:53: User 6YsDAcOKFaV3DMoQAAAK typing to null
2025-05-28 08:23:54: User 6YsDAcOKFaV3DMoQAAAK typing to null
2025-05-28 08:23:55: User 6YsDAcOKFaV3DMoQAAAK typing to null
2025-05-28 08:23:56: User 6YsDAcOKFaV3DMoQAAAK typing to null
2025-05-28 08:23:57: User 6YsDAcOKFaV3DMoQAAAK typing to null
2025-05-28 08:23:57: User 6YsDAcOKFaV3DMoQAAAK typing to null
2025-05-28 08:23:58: User 6YsDAcOKFaV3DMoQAAAK typing to null
2025-05-28 08:23:59: User 6YsDAcOKFaV3DMoQAAAK typing to null
2025-05-28 08:24:00: User 6YsDAcOKFaV3DMoQAAAK typing to null
2025-05-28 08:24:01: User 6YsDAcOKFaV3DMoQAAAK typing to null
2025-05-28 08:24:01: User 6YsDAcOKFaV3DMoQAAAK typing to null
2025-05-28 08:24:02: User 6YsDAcOKFaV3DMoQAAAK typing to null
2025-05-28 08:24:02: User 6YsDAcOKFaV3DMoQAAAK typing to null
2025-05-28 08:24:03: User 6YsDAcOKFaV3DMoQAAAK typing to null
2025-05-28 08:24:03: User 6YsDAcOKFaV3DMoQAAAK typing to null
2025-05-28 08:24:04: User 6YsDAcOKFaV3DMoQAAAK typing to null
2025-05-28 08:24:04: User 6YsDAcOKFaV3DMoQAAAK typing to null
2025-05-28 08:24:04: User 6YsDAcOKFaV3DMoQAAAK typing to null
2025-05-28 08:24:05: User 6YsDAcOKFaV3DMoQAAAK typing to null
2025-05-28 08:24:10: User 6YsDAcOKFaV3DMoQAAAK typing to null
2025-05-28 08:24:11: User 6YsDAcOKFaV3DMoQAAAK typing to null
2025-05-28 08:24:11: User 6YsDAcOKFaV3DMoQAAAK typing to null
2025-05-28 08:24:11: User 6YsDAcOKFaV3DMoQAAAK typing to null
2025-05-28 08:24:12: User 6YsDAcOKFaV3DMoQAAAK typing to null
2025-05-28 08:24:12: User 6YsDAcOKFaV3DMoQAAAK typing to null
2025-05-28 08:24:13: User 6YsDAcOKFaV3DMoQAAAK typing to null
2025-05-28 08:24:14: User 6YsDAcOKFaV3DMoQAAAK typing to null
2025-05-28 08:24:15: User 6YsDAcOKFaV3DMoQAAAK typing to null
2025-05-28 08:24:15: User 6YsDAcOKFaV3DMoQAAAK typing to null
2025-05-28 08:24:16: User 6YsDAcOKFaV3DMoQAAAK typing to null
2025-05-28 08:24:17: User 6YsDAcOKFaV3DMoQAAAK typing to null
2025-05-28 08:24:18: User 6YsDAcOKFaV3DMoQAAAK typing to null
2025-05-28 08:24:19: User 6YsDAcOKFaV3DMoQAAAK typing to null
2025-05-28 08:24:20: User 6YsDAcOKFaV3DMoQAAAK typing to null
2025-05-28 08:24:21: User 6YsDAcOKFaV3DMoQAAAK typing to null
2025-05-28 14:43:18: New connection: _2OnVCk3kfoRjDElAAAK
2025-05-28 14:43:18: User 32 connected
2025-05-28 14:43:23: New connection: UjCqu8ydJYmZ33JyAAAM
2025-05-28 14:43:23: User 32 connected
2025-05-28 14:43:25: New connection: cpgmqNy_k1fHWAHmAAAM
2025-05-28 14:43:25: User 32 connected
2025-05-28 19:47:55: New connection: m1Gf1i649G-XGyHoAAAM
2025-05-28 19:47:56: User 22 connected
2025-05-28 19:47:58: User m1Gf1i649G-XGyHoAAAM typing to null
2025-05-28 19:47:59: User m1Gf1i649G-XGyHoAAAM typing to null
2025-05-28 19:47:59: User m1Gf1i649G-XGyHoAAAM typing to null
2025-05-28 19:47:59: User m1Gf1i649G-XGyHoAAAM typing to null
2025-05-28 19:48:00: User m1Gf1i649G-XGyHoAAAM typing to null
2025-05-28 19:48:21: User m1Gf1i649G-XGyHoAAAM typing to null
2025-05-28 19:48:21: User m1Gf1i649G-XGyHoAAAM typing to null
2025-05-28 19:48:21: User m1Gf1i649G-XGyHoAAAM typing to null
2025-05-28 19:48:22: User m1Gf1i649G-XGyHoAAAM typing to null
2025-05-28 19:48:22: User m1Gf1i649G-XGyHoAAAM typing to null
2025-05-28 19:48:23: User m1Gf1i649G-XGyHoAAAM typing to null
2025-05-28 19:48:23: User m1Gf1i649G-XGyHoAAAM typing to null
2025-05-28 19:48:25: User m1Gf1i649G-XGyHoAAAM typing to null
2025-05-28 19:48:26: User m1Gf1i649G-XGyHoAAAM typing to null
2025-05-28 19:48:27: User m1Gf1i649G-XGyHoAAAM typing to null
2025-05-28 19:48:27: User m1Gf1i649G-XGyHoAAAM typing to null
2025-05-28 19:48:28: User m1Gf1i649G-XGyHoAAAM typing to null
2025-05-28 19:48:28: User m1Gf1i649G-XGyHoAAAM typing to null
2025-05-28 19:48:30: User m1Gf1i649G-XGyHoAAAM typing to null
2025-05-28 19:48:31: User m1Gf1i649G-XGyHoAAAM typing to null
2025-05-28 20:01:44: New connection: mlYQEly3lFI_pAgEAAAM
2025-05-28 20:01:47: New connection: lw7N8CpslS_7KrBqAAAO
2025-05-28 20:01:47: User 22 connected
2025-05-28 20:33:18: New connection: heUwCVw5RCC0rtFhAAAO
2025-05-28 20:33:18: User -360053861 connected
2025-05-28 21:35:31: New connection: 0PmQHKaoT_KgBgTUAAAO
2025-05-28 21:35:31: User 13 connected
2025-05-28 21:35:33: Message Received from: 32
2025-05-28 21:35:34: Message Received from: 32
2025-05-28 21:35:34: Message Received from: 32
2025-05-28 21:35:39: User 0PmQHKaoT_KgBgTUAAAO typing to null
2025-05-28 21:35:39: User 0PmQHKaoT_KgBgTUAAAO typing to null
2025-05-28 21:35:39: User 0PmQHKaoT_KgBgTUAAAO typing to null
2025-05-28 21:35:40: User 0PmQHKaoT_KgBgTUAAAO typing to null
2025-05-28 21:35:40: User 0PmQHKaoT_KgBgTUAAAO typing to null
2025-05-28 21:35:40: User 0PmQHKaoT_KgBgTUAAAO typing to null
2025-05-28 21:35:40: User 0PmQHKaoT_KgBgTUAAAO typing to null
2025-05-28 21:35:50: User 0PmQHKaoT_KgBgTUAAAO typing to null
2025-05-28 21:35:51: User 0PmQHKaoT_KgBgTUAAAO typing to null
2025-05-28 21:35:51: User 0PmQHKaoT_KgBgTUAAAO typing to null
2025-05-28 21:35:51: User 0PmQHKaoT_KgBgTUAAAO typing to null
2025-05-28 21:35:52: User 0PmQHKaoT_KgBgTUAAAO typing to null
2025-05-28 21:35:53: User 0PmQHKaoT_KgBgTUAAAO typing to null
2025-05-28 21:36:15: User 0PmQHKaoT_KgBgTUAAAO typing to null
2025-05-28 21:36:15: User 0PmQHKaoT_KgBgTUAAAO typing to null
2025-05-28 21:36:15: User 0PmQHKaoT_KgBgTUAAAO typing to null
2025-05-28 21:36:15: User 0PmQHKaoT_KgBgTUAAAO typing to null
2025-05-28 21:36:15: User 0PmQHKaoT_KgBgTUAAAO typing to null
2025-05-28 21:36:15: User 0PmQHKaoT_KgBgTUAAAO typing to null
2025-05-28 21:36:15: User 0PmQHKaoT_KgBgTUAAAO typing to null
2025-05-28 21:36:16: User 0PmQHKaoT_KgBgTUAAAO typing to null
2025-05-28 21:36:16: User 0PmQHKaoT_KgBgTUAAAO typing to null
2025-05-28 21:36:16: User 0PmQHKaoT_KgBgTUAAAO typing to null
2025-05-28 21:36:16: User 0PmQHKaoT_KgBgTUAAAO typing to null
2025-05-28 21:36:18: User 0PmQHKaoT_KgBgTUAAAO typing to null
2025-05-28 21:36:19: User 0PmQHKaoT_KgBgTUAAAO typing to null
2025-05-28 21:36:19: User 0PmQHKaoT_KgBgTUAAAO typing to null
2025-05-28 21:36:19: User 0PmQHKaoT_KgBgTUAAAO typing to null
2025-05-28 21:36:20: User 0PmQHKaoT_KgBgTUAAAO typing to null
2025-05-28 21:36:20: User 0PmQHKaoT_KgBgTUAAAO typing to null
2025-05-28 21:36:20: User 0PmQHKaoT_KgBgTUAAAO typing to null
2025-05-28 21:36:20: User 0PmQHKaoT_KgBgTUAAAO typing to null
2025-05-28 21:36:20: User 0PmQHKaoT_KgBgTUAAAO typing to null
2025-05-28 21:36:20: User 0PmQHKaoT_KgBgTUAAAO typing to null
2025-05-28 21:36:21: User 0PmQHKaoT_KgBgTUAAAO typing to null
2025-05-28 21:36:21: User 0PmQHKaoT_KgBgTUAAAO typing to null
2025-05-28 21:36:21: User 0PmQHKaoT_KgBgTUAAAO typing to null
2025-05-28 21:36:22: User 0PmQHKaoT_KgBgTUAAAO typing to null
2025-05-28 21:36:22: User 0PmQHKaoT_KgBgTUAAAO typing to null
2025-05-28 21:36:22: User 0PmQHKaoT_KgBgTUAAAO typing to null
2025-05-28 21:36:22: User 0PmQHKaoT_KgBgTUAAAO typing to null
2025-05-28 21:36:22: User 0PmQHKaoT_KgBgTUAAAO typing to null
2025-05-28 21:36:22: User 0PmQHKaoT_KgBgTUAAAO typing to null
2025-05-28 21:36:23: User 0PmQHKaoT_KgBgTUAAAO typing to null
2025-05-28 21:36:23: User 0PmQHKaoT_KgBgTUAAAO typing to null
2025-05-28 21:36:23: User 0PmQHKaoT_KgBgTUAAAO typing to null
2025-05-28 21:36:24: User 0PmQHKaoT_KgBgTUAAAO typing to null
2025-05-28 21:36:25: User 0PmQHKaoT_KgBgTUAAAO typing to null
2025-05-28 21:36:25: User 0PmQHKaoT_KgBgTUAAAO typing to null
2025-05-28 21:36:25: User 0PmQHKaoT_KgBgTUAAAO typing to null
2025-05-28 21:36:25: User 0PmQHKaoT_KgBgTUAAAO typing to null
2025-05-28 21:36:25: User 0PmQHKaoT_KgBgTUAAAO typing to null
2025-05-28 21:36:27: User 0PmQHKaoT_KgBgTUAAAO typing to null
2025-05-28 21:36:27: User 0PmQHKaoT_KgBgTUAAAO typing to null
2025-05-28 21:36:27: User 0PmQHKaoT_KgBgTUAAAO typing to null
2025-05-28 21:36:27: User 0PmQHKaoT_KgBgTUAAAO typing to null
2025-05-28 21:36:27: User 0PmQHKaoT_KgBgTUAAAO typing to null
2025-05-28 21:36:28: User 0PmQHKaoT_KgBgTUAAAO typing to null
2025-05-28 21:36:29: User 0PmQHKaoT_KgBgTUAAAO typing to null
2025-05-28 21:36:29: User 0PmQHKaoT_KgBgTUAAAO typing to null
2025-05-28 21:36:29: User 0PmQHKaoT_KgBgTUAAAO typing to null
2025-05-28 21:36:29: User 0PmQHKaoT_KgBgTUAAAO typing to null
2025-05-28 21:36:29: User 0PmQHKaoT_KgBgTUAAAO typing to null
2025-05-28 21:36:30: User 0PmQHKaoT_KgBgTUAAAO typing to null
2025-05-28 21:36:30: User 0PmQHKaoT_KgBgTUAAAO typing to null
2025-05-28 21:36:30: User 0PmQHKaoT_KgBgTUAAAO typing to null
2025-05-28 21:36:30: User 0PmQHKaoT_KgBgTUAAAO typing to null
2025-05-28 21:36:31: User 0PmQHKaoT_KgBgTUAAAO typing to null
2025-05-28 21:36:31: User 0PmQHKaoT_KgBgTUAAAO typing to null
2025-05-28 21:36:31: User 0PmQHKaoT_KgBgTUAAAO typing to null
2025-05-28 21:36:32: User 0PmQHKaoT_KgBgTUAAAO typing to null
2025-05-28 21:36:34: User 0PmQHKaoT_KgBgTUAAAO typing to null
2025-05-28 21:36:34: User 0PmQHKaoT_KgBgTUAAAO typing to null
2025-05-28 21:36:34: User 0PmQHKaoT_KgBgTUAAAO typing to null
2025-05-28 21:36:53: New connection: otySLo9oMVX7vHMfAAAO
2025-05-28 21:36:53: User 13 connected
2025-05-28 21:36:57: User otySLo9oMVX7vHMfAAAO typing to null
2025-05-28 21:36:57: Message Received from: 22
2025-05-28 21:36:57: User otySLo9oMVX7vHMfAAAO typing to null
2025-05-28 21:36:57: Message Received from: 22
2025-05-28 21:36:58: User otySLo9oMVX7vHMfAAAO typing to null
2025-05-28 21:36:58: User otySLo9oMVX7vHMfAAAO typing to null
2025-05-28 21:37:01: User otySLo9oMVX7vHMfAAAO typing to null
2025-05-28 21:37:02: User otySLo9oMVX7vHMfAAAO typing to null
2025-05-28 21:37:15: User otySLo9oMVX7vHMfAAAO typing to null
2025-05-28 21:37:16: User otySLo9oMVX7vHMfAAAO typing to null
2025-05-28 21:37:16: User otySLo9oMVX7vHMfAAAO typing to null
2025-05-28 21:37:17: User otySLo9oMVX7vHMfAAAO typing to null
2025-05-28 21:37:17: User otySLo9oMVX7vHMfAAAO typing to null
2025-05-28 21:37:17: User otySLo9oMVX7vHMfAAAO typing to null
2025-05-28 21:37:17: User otySLo9oMVX7vHMfAAAO typing to null
2025-05-28 21:37:18: User otySLo9oMVX7vHMfAAAO typing to null
2025-05-28 21:37:18: User otySLo9oMVX7vHMfAAAO typing to null
2025-05-28 21:37:31: User otySLo9oMVX7vHMfAAAO typing to null
2025-05-28 21:37:31: User otySLo9oMVX7vHMfAAAO typing to null
2025-05-28 21:37:31: User otySLo9oMVX7vHMfAAAO typing to null
2025-05-28 21:37:32: User otySLo9oMVX7vHMfAAAO typing to null
2025-05-28 21:37:32: User otySLo9oMVX7vHMfAAAO typing to null
2025-05-28 21:37:32: User otySLo9oMVX7vHMfAAAO typing to null
2025-05-28 21:37:32: User otySLo9oMVX7vHMfAAAO typing to null
2025-05-28 21:37:32: User otySLo9oMVX7vHMfAAAO typing to null
2025-05-28 21:37:34: User otySLo9oMVX7vHMfAAAO typing to null
2025-05-28 21:37:34: User otySLo9oMVX7vHMfAAAO typing to null
2025-05-28 21:37:34: User otySLo9oMVX7vHMfAAAO typing to null
2025-05-28 21:37:34: User otySLo9oMVX7vHMfAAAO typing to null
2025-05-28 21:37:34: User otySLo9oMVX7vHMfAAAO typing to null
2025-05-28 21:37:34: User otySLo9oMVX7vHMfAAAO typing to null
2025-05-28 21:37:43: User otySLo9oMVX7vHMfAAAO typing to null
2025-05-28 21:37:44: User otySLo9oMVX7vHMfAAAO typing to null
2025-05-28 21:37:44: User otySLo9oMVX7vHMfAAAO typing to null
2025-05-28 21:37:45: User otySLo9oMVX7vHMfAAAO typing to null
2025-05-28 21:37:48: User otySLo9oMVX7vHMfAAAO typing to null
2025-05-28 21:37:48: User otySLo9oMVX7vHMfAAAO typing to null
2025-05-28 21:37:49: User otySLo9oMVX7vHMfAAAO typing to null
2025-05-28 21:37:49: User otySLo9oMVX7vHMfAAAO typing to null
2025-05-28 21:37:54: User otySLo9oMVX7vHMfAAAO typing to null
2025-05-28 21:37:55: User otySLo9oMVX7vHMfAAAO typing to null
2025-05-28 21:37:56: User otySLo9oMVX7vHMfAAAO typing to null
2025-05-28 21:37:57: User otySLo9oMVX7vHMfAAAO typing to null
2025-05-28 21:37:58: User otySLo9oMVX7vHMfAAAO typing to null
2025-05-28 21:37:58: User otySLo9oMVX7vHMfAAAO typing to null
2025-05-28 21:37:58: User otySLo9oMVX7vHMfAAAO typing to null
2025-05-28 21:38:08: User otySLo9oMVX7vHMfAAAO typing to null
2025-05-28 21:38:09: User otySLo9oMVX7vHMfAAAO typing to null
2025-05-28 21:38:09: User otySLo9oMVX7vHMfAAAO typing to null
2025-05-28 21:38:09: User otySLo9oMVX7vHMfAAAO typing to null
2025-05-28 21:38:09: User otySLo9oMVX7vHMfAAAO typing to null
2025-05-28 21:38:09: User otySLo9oMVX7vHMfAAAO typing to null
2025-05-28 21:38:10: User otySLo9oMVX7vHMfAAAO typing to null
2025-05-28 21:38:10: User otySLo9oMVX7vHMfAAAO typing to null
2025-05-28 21:38:10: User otySLo9oMVX7vHMfAAAO typing to null
2025-05-28 21:38:10: User otySLo9oMVX7vHMfAAAO typing to null
2025-05-28 21:38:11: User otySLo9oMVX7vHMfAAAO typing to null
2025-05-28 21:38:11: User otySLo9oMVX7vHMfAAAO typing to null
2025-05-28 21:38:12: User otySLo9oMVX7vHMfAAAO typing to null
2025-05-28 21:38:12: User otySLo9oMVX7vHMfAAAO typing to null
2025-05-28 21:38:12: User otySLo9oMVX7vHMfAAAO typing to null
2025-05-28 21:38:12: User otySLo9oMVX7vHMfAAAO typing to null
2025-05-28 21:38:13: User otySLo9oMVX7vHMfAAAO typing to null
2025-05-28 21:38:13: User otySLo9oMVX7vHMfAAAO typing to null
2025-05-28 21:38:18: User otySLo9oMVX7vHMfAAAO typing to null
2025-05-28 21:39:20: New connection: Oc0huFfuif1mEF2eAAAQ
2025-05-28 21:39:59: New connection: VEhljyN2IAUt_FZMAAAQ
2025-05-28 21:39:59: User 13 connected
2025-05-28 21:40:03: User VEhljyN2IAUt_FZMAAAQ typing to null
2025-05-28 21:40:21: User VEhljyN2IAUt_FZMAAAQ typing to null
2025-05-28 21:40:31: User VEhljyN2IAUt_FZMAAAQ typing to null
2025-05-28 21:40:34: User VEhljyN2IAUt_FZMAAAQ typing to null
2025-05-28 21:40:37: User VEhljyN2IAUt_FZMAAAQ typing to null
2025-05-28 21:40:38: User VEhljyN2IAUt_FZMAAAQ typing to null
2025-05-28 21:40:40: User VEhljyN2IAUt_FZMAAAQ typing to null
2025-05-28 21:40:40: User VEhljyN2IAUt_FZMAAAQ typing to null
2025-05-28 21:40:41: User VEhljyN2IAUt_FZMAAAQ typing to null
2025-05-28 21:40:47: User VEhljyN2IAUt_FZMAAAQ typing to null
2025-05-28 21:40:47: User VEhljyN2IAUt_FZMAAAQ typing to null
2025-05-28 21:40:53: New connection: WdZAg7A4snsmBTQmAAAQ
2025-05-28 21:40:53: User 22 connected
2025-05-28 21:40:56: New connection: PTQtKeh-me-mXfckAAAQ
2025-05-28 21:40:56: User 22 connected
2025-05-28 21:41:01: Message Received from: 13
2025-05-28 21:41:01: Message Received from: 13
2025-05-28 21:41:01: Message Received from: 13
2025-05-28 21:41:02: Message Received from: 13
2025-05-28 21:42:00: New connection: PEFyJAnPM1WREhjrAAAS
2025-05-28 21:42:01: User 13 connected
2025-05-28 21:42:02: User PTQtKeh-me-mXfckAAAQ typing to PEFyJAnPM1WREhjrAAAS
2025-05-28 21:42:02: User PTQtKeh-me-mXfckAAAQ typing to PEFyJAnPM1WREhjrAAAS
2025-05-28 21:42:05: Message Received from: 1
2025-05-28 21:50:23: New connection: baRDlAy60LTMTnATAAAS
2025-05-28 21:50:23: User 22 connected
2025-05-28 21:50:24: User baRDlAy60LTMTnATAAAS typing to null
2025-05-28 21:50:26: User baRDlAy60LTMTnATAAAS typing to null
2025-05-28 21:50:27: User baRDlAy60LTMTnATAAAS typing to null
2025-05-28 21:50:28: User baRDlAy60LTMTnATAAAS typing to null
2025-05-28 21:50:28: User baRDlAy60LTMTnATAAAS typing to null
2025-05-28 21:50:31: User baRDlAy60LTMTnATAAAS typing to null
2025-05-28 21:50:32: User baRDlAy60LTMTnATAAAS typing to null
2025-05-28 21:50:33: User baRDlAy60LTMTnATAAAS typing to null
2025-05-28 21:50:41: User baRDlAy60LTMTnATAAAS typing to null
2025-05-28 21:50:41: User baRDlAy60LTMTnATAAAS typing to null
2025-05-28 21:50:42: User baRDlAy60LTMTnATAAAS typing to null
2025-05-28 21:50:43: User baRDlAy60LTMTnATAAAS typing to null
2025-05-28 21:51:52: New connection: xe9UCKeWgugn61ilAAAS
2025-05-28 21:51:52: User 22 connected
2025-05-28 21:53:56: New connection: VA6_xm19XUUELy8sAAAS
2025-05-28 21:53:56: User 13 connected
2025-05-28 21:54:01: Message Received from: 22
2025-05-28 21:54:01: Message Received from: 22
2025-05-28 21:54:01: Message Received from: 22
2025-05-28 21:54:02: User VA6_xm19XUUELy8sAAAS typing to xe9UCKeWgugn61ilAAAS
2025-05-28 21:54:03: User VA6_xm19XUUELy8sAAAS typing to xe9UCKeWgugn61ilAAAS
2025-05-28 21:54:03: User VA6_xm19XUUELy8sAAAS typing to xe9UCKeWgugn61ilAAAS
2025-05-28 21:54:03: User VA6_xm19XUUELy8sAAAS typing to xe9UCKeWgugn61ilAAAS
2025-05-28 21:54:03: User VA6_xm19XUUELy8sAAAS typing to xe9UCKeWgugn61ilAAAS
2025-05-28 21:54:03: User VA6_xm19XUUELy8sAAAS typing to xe9UCKeWgugn61ilAAAS
2025-05-28 21:54:04: User VA6_xm19XUUELy8sAAAS typing to xe9UCKeWgugn61ilAAAS
2025-05-28 21:54:04: User VA6_xm19XUUELy8sAAAS typing to xe9UCKeWgugn61ilAAAS
2025-05-28 21:54:04: User VA6_xm19XUUELy8sAAAS typing to xe9UCKeWgugn61ilAAAS
2025-05-28 21:54:29: Message Received from: 13
2025-05-28 21:54:46: New connection: d_srvgeP5rriXUjRAAAU
2025-05-28 21:54:46: User 13 connected
2025-05-28 21:54:53: User d_srvgeP5rriXUjRAAAU typing to xe9UCKeWgugn61ilAAAS
2025-05-28 21:54:53: User d_srvgeP5rriXUjRAAAU typing to xe9UCKeWgugn61ilAAAS
2025-05-28 21:54:54: User d_srvgeP5rriXUjRAAAU typing to xe9UCKeWgugn61ilAAAS
2025-05-28 21:54:54: User d_srvgeP5rriXUjRAAAU typing to xe9UCKeWgugn61ilAAAS
2025-05-28 21:54:55: User d_srvgeP5rriXUjRAAAU typing to xe9UCKeWgugn61ilAAAS
2025-05-28 21:54:55: User d_srvgeP5rriXUjRAAAU typing to xe9UCKeWgugn61ilAAAS
2025-05-28 21:54:55: User d_srvgeP5rriXUjRAAAU typing to xe9UCKeWgugn61ilAAAS
2025-05-28 21:54:55: User d_srvgeP5rriXUjRAAAU typing to xe9UCKeWgugn61ilAAAS
2025-05-28 21:54:57: User d_srvgeP5rriXUjRAAAU typing to xe9UCKeWgugn61ilAAAS
2025-05-28 21:54:58: User d_srvgeP5rriXUjRAAAU typing to xe9UCKeWgugn61ilAAAS
2025-05-28 21:54:58: User d_srvgeP5rriXUjRAAAU typing to xe9UCKeWgugn61ilAAAS
2025-05-28 21:54:59: User d_srvgeP5rriXUjRAAAU typing to xe9UCKeWgugn61ilAAAS
2025-05-28 21:54:59: User d_srvgeP5rriXUjRAAAU typing to xe9UCKeWgugn61ilAAAS
2025-05-28 21:54:59: User d_srvgeP5rriXUjRAAAU typing to xe9UCKeWgugn61ilAAAS
2025-05-28 21:55:00: User d_srvgeP5rriXUjRAAAU typing to xe9UCKeWgugn61ilAAAS
2025-05-28 21:55:00: User d_srvgeP5rriXUjRAAAU typing to xe9UCKeWgugn61ilAAAS
2025-05-28 21:55:00: User d_srvgeP5rriXUjRAAAU typing to xe9UCKeWgugn61ilAAAS
2025-05-28 21:55:01: User d_srvgeP5rriXUjRAAAU typing to xe9UCKeWgugn61ilAAAS
2025-05-28 21:55:02: User d_srvgeP5rriXUjRAAAU typing to xe9UCKeWgugn61ilAAAS
2025-05-28 21:55:02: User d_srvgeP5rriXUjRAAAU typing to xe9UCKeWgugn61ilAAAS
2025-05-28 21:55:08: User d_srvgeP5rriXUjRAAAU typing to xe9UCKeWgugn61ilAAAS
2025-05-28 21:55:09: User d_srvgeP5rriXUjRAAAU typing to xe9UCKeWgugn61ilAAAS
2025-05-28 21:55:10: User d_srvgeP5rriXUjRAAAU typing to xe9UCKeWgugn61ilAAAS
2025-05-28 21:55:12: User d_srvgeP5rriXUjRAAAU typing to xe9UCKeWgugn61ilAAAS
2025-05-28 21:55:12: User d_srvgeP5rriXUjRAAAU typing to xe9UCKeWgugn61ilAAAS
2025-05-28 21:55:46: Message Received from: 13
2025-05-28 21:55:49: User xe9UCKeWgugn61ilAAAS typing to null
2025-05-28 21:55:49: User xe9UCKeWgugn61ilAAAS typing to null
2025-05-28 21:57:00: New connection: JafnJ7JRyiIZHej_AAAU
2025-05-28 21:57:00: User 22 connected
2025-05-28 21:57:52: New connection: bBRO_gexoMMIh3IZAAAU
2025-05-28 21:57:53: User 13 connected
2025-05-28 21:57:57: Message Received from: 22
2025-05-28 21:58:28: User JafnJ7JRyiIZHej_AAAU typing to null
2025-05-28 21:58:29: User JafnJ7JRyiIZHej_AAAU typing to null
2025-05-28 21:58:29: User JafnJ7JRyiIZHej_AAAU typing to null
2025-05-28 21:58:30: User JafnJ7JRyiIZHej_AAAU typing to null
2025-05-28 21:58:30: User JafnJ7JRyiIZHej_AAAU typing to null
2025-05-28 21:58:30: User JafnJ7JRyiIZHej_AAAU typing to null
2025-05-28 21:58:31: User JafnJ7JRyiIZHej_AAAU typing to null
2025-05-28 21:58:31: User JafnJ7JRyiIZHej_AAAU typing to null
2025-05-28 21:58:32: User JafnJ7JRyiIZHej_AAAU typing to null
2025-05-28 21:58:33: User JafnJ7JRyiIZHej_AAAU typing to null
2025-05-28 21:58:34: User JafnJ7JRyiIZHej_AAAU typing to null
2025-05-28 21:58:36: User JafnJ7JRyiIZHej_AAAU typing to null
2025-05-28 21:58:37: User JafnJ7JRyiIZHej_AAAU typing to null
2025-05-28 21:58:37: User JafnJ7JRyiIZHej_AAAU typing to null
2025-05-28 21:58:39: User JafnJ7JRyiIZHej_AAAU typing to null
2025-05-28 21:58:39: User JafnJ7JRyiIZHej_AAAU typing to null
2025-05-28 21:58:40: User JafnJ7JRyiIZHej_AAAU typing to null
2025-05-28 21:58:40: User JafnJ7JRyiIZHej_AAAU typing to null
2025-05-28 21:58:41: User JafnJ7JRyiIZHej_AAAU typing to null
2025-05-29 11:28:13: New connection: RSiPwKJFFlhDosXIAAAU
2025-05-29 11:28:14: User 13 connected
2025-05-29 11:28:18: Message Received from: 22
2025-05-29 17:15:48: New connection: Ja0TgEDLOhmxaMAQAAAW
2025-05-29 17:15:48: User 1 connected
2025-05-29 17:15:53: Message Received from: -440106601
2025-05-29 17:16:03: User Ja0TgEDLOhmxaMAQAAAW typing to null
2025-05-29 17:16:03: User Ja0TgEDLOhmxaMAQAAAW typing to null
2025-05-29 17:16:03: User Ja0TgEDLOhmxaMAQAAAW typing to null
2025-05-29 17:16:03: User Ja0TgEDLOhmxaMAQAAAW typing to null
2025-05-29 17:16:03: User Ja0TgEDLOhmxaMAQAAAW typing to null
2025-05-29 17:16:03: User Ja0TgEDLOhmxaMAQAAAW typing to null
2025-05-29 17:16:03: User Ja0TgEDLOhmxaMAQAAAW typing to null
2025-05-29 17:16:04: User Ja0TgEDLOhmxaMAQAAAW typing to null
2025-05-29 17:16:04: User Ja0TgEDLOhmxaMAQAAAW typing to null
2025-05-29 17:16:04: User Ja0TgEDLOhmxaMAQAAAW typing to null
2025-05-29 17:16:04: User Ja0TgEDLOhmxaMAQAAAW typing to null
2025-05-29 17:16:13: User Ja0TgEDLOhmxaMAQAAAW typing to null
2025-05-29 17:16:13: User Ja0TgEDLOhmxaMAQAAAW typing to null
2025-05-29 17:16:13: User Ja0TgEDLOhmxaMAQAAAW typing to null
2025-05-29 17:16:13: User Ja0TgEDLOhmxaMAQAAAW typing to null
2025-05-29 17:16:14: User Ja0TgEDLOhmxaMAQAAAW typing to null
2025-05-29 17:16:14: User Ja0TgEDLOhmxaMAQAAAW typing to null
2025-05-29 17:16:14: User Ja0TgEDLOhmxaMAQAAAW typing to null
2025-05-29 17:16:19: User Ja0TgEDLOhmxaMAQAAAW typing to null
2025-05-29 17:16:19: User Ja0TgEDLOhmxaMAQAAAW typing to null
2025-05-29 17:16:19: User Ja0TgEDLOhmxaMAQAAAW typing to null
2025-05-29 17:16:19: User Ja0TgEDLOhmxaMAQAAAW typing to null
2025-05-29 17:16:19: User Ja0TgEDLOhmxaMAQAAAW typing to null
2025-05-29 17:16:20: User Ja0TgEDLOhmxaMAQAAAW typing to null
2025-05-29 17:16:21: User Ja0TgEDLOhmxaMAQAAAW typing to null
2025-05-29 17:16:21: User Ja0TgEDLOhmxaMAQAAAW typing to null
2025-05-29 17:16:21: User Ja0TgEDLOhmxaMAQAAAW typing to null
2025-05-29 17:16:22: User Ja0TgEDLOhmxaMAQAAAW typing to null
2025-05-29 17:16:22: User Ja0TgEDLOhmxaMAQAAAW typing to null
2025-05-29 17:16:22: User Ja0TgEDLOhmxaMAQAAAW typing to null
2025-05-29 17:16:22: User Ja0TgEDLOhmxaMAQAAAW typing to null
2025-05-29 17:16:22: User Ja0TgEDLOhmxaMAQAAAW typing to null
2025-05-29 17:16:22: User Ja0TgEDLOhmxaMAQAAAW typing to null
2025-05-29 17:16:23: User Ja0TgEDLOhmxaMAQAAAW typing to null
2025-05-29 17:16:23: User Ja0TgEDLOhmxaMAQAAAW typing to null
2025-05-29 17:16:23: User Ja0TgEDLOhmxaMAQAAAW typing to null
2025-05-29 17:16:24: User Ja0TgEDLOhmxaMAQAAAW typing to null
2025-05-29 17:16:24: User Ja0TgEDLOhmxaMAQAAAW typing to null
2025-05-29 17:16:24: User Ja0TgEDLOhmxaMAQAAAW typing to null
2025-05-29 17:16:24: User Ja0TgEDLOhmxaMAQAAAW typing to null
2025-05-29 17:16:24: User Ja0TgEDLOhmxaMAQAAAW typing to null
2025-05-29 17:16:24: User Ja0TgEDLOhmxaMAQAAAW typing to null
2025-05-29 17:16:25: User Ja0TgEDLOhmxaMAQAAAW typing to null
2025-05-29 17:16:25: User Ja0TgEDLOhmxaMAQAAAW typing to null
2025-05-29 17:16:25: User Ja0TgEDLOhmxaMAQAAAW typing to null
2025-05-29 17:16:25: User Ja0TgEDLOhmxaMAQAAAW typing to null
2025-05-29 17:16:25: User Ja0TgEDLOhmxaMAQAAAW typing to null
2025-05-29 17:16:25: User Ja0TgEDLOhmxaMAQAAAW typing to null
2025-05-29 17:16:25: User Ja0TgEDLOhmxaMAQAAAW typing to null
2025-05-29 17:16:25: User Ja0TgEDLOhmxaMAQAAAW typing to null
2025-05-29 17:16:26: User Ja0TgEDLOhmxaMAQAAAW typing to null
2025-05-29 17:16:26: User Ja0TgEDLOhmxaMAQAAAW typing to null
2025-05-29 17:16:26: User Ja0TgEDLOhmxaMAQAAAW typing to null
2025-05-29 17:16:26: User Ja0TgEDLOhmxaMAQAAAW typing to null
2025-05-29 17:16:26: User Ja0TgEDLOhmxaMAQAAAW typing to null
2025-05-29 17:16:27: User Ja0TgEDLOhmxaMAQAAAW typing to null
2025-05-29 17:16:27: User Ja0TgEDLOhmxaMAQAAAW typing to null
2025-05-29 17:16:27: User Ja0TgEDLOhmxaMAQAAAW typing to null
2025-05-29 17:16:28: User Ja0TgEDLOhmxaMAQAAAW typing to null
2025-05-29 17:16:28: User Ja0TgEDLOhmxaMAQAAAW typing to null
2025-05-29 17:16:28: User Ja0TgEDLOhmxaMAQAAAW typing to null
2025-05-29 17:16:38: User Ja0TgEDLOhmxaMAQAAAW typing to null
2025-05-29 17:16:38: User Ja0TgEDLOhmxaMAQAAAW typing to null
2025-05-29 17:16:38: User Ja0TgEDLOhmxaMAQAAAW typing to null
2025-05-29 17:16:38: User Ja0TgEDLOhmxaMAQAAAW typing to null
2025-05-29 17:16:40: User Ja0TgEDLOhmxaMAQAAAW typing to null
2025-05-29 17:16:40: User Ja0TgEDLOhmxaMAQAAAW typing to null
2025-05-29 17:16:40: User Ja0TgEDLOhmxaMAQAAAW typing to null
2025-05-29 17:16:41: User Ja0TgEDLOhmxaMAQAAAW typing to null
2025-05-29 17:16:41: User Ja0TgEDLOhmxaMAQAAAW typing to null
2025-05-29 17:16:41: User Ja0TgEDLOhmxaMAQAAAW typing to null
2025-05-29 17:16:41: User Ja0TgEDLOhmxaMAQAAAW typing to null
2025-05-29 17:16:42: User Ja0TgEDLOhmxaMAQAAAW typing to null
2025-05-29 17:16:42: User Ja0TgEDLOhmxaMAQAAAW typing to null
2025-05-29 17:16:43: User Ja0TgEDLOhmxaMAQAAAW typing to null
2025-05-29 17:16:44: User Ja0TgEDLOhmxaMAQAAAW typing to null
2025-05-29 17:16:44: User Ja0TgEDLOhmxaMAQAAAW typing to null
2025-05-29 17:16:45: User Ja0TgEDLOhmxaMAQAAAW typing to null
2025-05-29 17:16:45: User Ja0TgEDLOhmxaMAQAAAW typing to null
2025-05-29 17:16:45: User Ja0TgEDLOhmxaMAQAAAW typing to null
2025-05-29 17:16:49: User Ja0TgEDLOhmxaMAQAAAW typing to null
2025-05-29 17:16:49: User Ja0TgEDLOhmxaMAQAAAW typing to null
2025-05-29 17:16:50: User Ja0TgEDLOhmxaMAQAAAW typing to null
2025-05-29 17:16:50: User Ja0TgEDLOhmxaMAQAAAW typing to null
2025-05-29 17:16:50: User Ja0TgEDLOhmxaMAQAAAW typing to null
2025-05-29 17:16:50: User Ja0TgEDLOhmxaMAQAAAW typing to null
2025-05-29 17:16:50: User Ja0TgEDLOhmxaMAQAAAW typing to null
2025-05-29 17:16:50: User Ja0TgEDLOhmxaMAQAAAW typing to null
2025-05-29 17:16:51: User Ja0TgEDLOhmxaMAQAAAW typing to null
2025-05-29 17:16:51: User Ja0TgEDLOhmxaMAQAAAW typing to null
2025-05-29 17:16:51: User Ja0TgEDLOhmxaMAQAAAW typing to null
2025-05-29 17:16:52: User Ja0TgEDLOhmxaMAQAAAW typing to null
2025-05-29 17:16:52: User Ja0TgEDLOhmxaMAQAAAW typing to null
2025-05-29 17:16:52: User Ja0TgEDLOhmxaMAQAAAW typing to null
2025-05-29 17:16:52: User Ja0TgEDLOhmxaMAQAAAW typing to null
2025-05-29 17:16:54: User Ja0TgEDLOhmxaMAQAAAW typing to null
2025-05-29 17:16:55: User Ja0TgEDLOhmxaMAQAAAW typing to null
2025-05-29 17:16:55: User Ja0TgEDLOhmxaMAQAAAW typing to null
2025-05-29 17:16:56: User Ja0TgEDLOhmxaMAQAAAW typing to null
2025-05-29 17:16:56: User Ja0TgEDLOhmxaMAQAAAW typing to null
2025-05-29 17:16:56: User Ja0TgEDLOhmxaMAQAAAW typing to null
2025-05-29 17:16:56: User Ja0TgEDLOhmxaMAQAAAW typing to null
2025-05-29 17:16:57: User Ja0TgEDLOhmxaMAQAAAW typing to null
2025-05-29 17:16:57: User Ja0TgEDLOhmxaMAQAAAW typing to null
2025-05-29 17:16:57: User Ja0TgEDLOhmxaMAQAAAW typing to null
2025-05-29 17:16:57: User Ja0TgEDLOhmxaMAQAAAW typing to null
2025-05-29 17:16:58: User Ja0TgEDLOhmxaMAQAAAW typing to null
2025-05-29 17:16:58: User Ja0TgEDLOhmxaMAQAAAW typing to null
2025-05-29 17:16:58: User Ja0TgEDLOhmxaMAQAAAW typing to null
2025-05-29 17:16:58: User Ja0TgEDLOhmxaMAQAAAW typing to null
2025-05-29 17:16:59: User Ja0TgEDLOhmxaMAQAAAW typing to null
2025-05-29 17:16:59: User Ja0TgEDLOhmxaMAQAAAW typing to null
2025-05-29 17:17:00: User Ja0TgEDLOhmxaMAQAAAW typing to null
2025-05-29 17:17:00: User Ja0TgEDLOhmxaMAQAAAW typing to null
2025-05-29 17:17:00: User Ja0TgEDLOhmxaMAQAAAW typing to null
2025-05-29 17:17:00: User Ja0TgEDLOhmxaMAQAAAW typing to null
2025-05-29 17:17:00: User Ja0TgEDLOhmxaMAQAAAW typing to null
2025-05-29 17:17:01: User Ja0TgEDLOhmxaMAQAAAW typing to null
2025-05-29 17:35:01: New connection: gVNZmqPw3XyIBAyOAAAW
2025-05-29 17:35:01: User 20 connected
2025-05-29 17:35:07: User gVNZmqPw3XyIBAyOAAAW typing to null
2025-05-29 17:35:07: User gVNZmqPw3XyIBAyOAAAW typing to null
2025-05-29 17:35:07: User gVNZmqPw3XyIBAyOAAAW typing to null
2025-05-29 17:35:08: User gVNZmqPw3XyIBAyOAAAW typing to null
2025-05-29 17:35:08: User gVNZmqPw3XyIBAyOAAAW typing to null
2025-05-29 17:35:08: User gVNZmqPw3XyIBAyOAAAW typing to null
2025-05-29 17:35:08: User gVNZmqPw3XyIBAyOAAAW typing to null
2025-05-29 17:42:51: New connection: q0lnJ84pbsvGOZ5_AAAW
2025-05-29 17:42:51: User 13 connected
2025-05-30 14:16:28: New connection: zQHdGWF-kdDwhpulAAAW
2025-05-30 14:16:29: User 13 connected
2025-05-30 14:16:32: User zQHdGWF-kdDwhpulAAAW typing to null
2025-05-30 14:16:32: User zQHdGWF-kdDwhpulAAAW typing to null
2025-05-30 14:16:33: Message Received from: 20
2025-05-31 05:05:36: New connection: 6Te-JNVaRrelEidYAAAY
2025-05-31 05:05:36: User 25 connected
2025-05-31 05:05:38: User 6Te-JNVaRrelEidYAAAY typing to null
2025-05-31 05:05:38: User 6Te-JNVaRrelEidYAAAY typing to null
2025-05-31 05:11:59: New connection: RxdGdPd1VqRGyzI9AAAY
2025-05-31 05:12:00: User 25 connected
2025-05-31 06:49:21: New connection: FJUzHtaVTUuM8OblAAAY
2025-05-31 06:49:21: User 13 connected
2025-05-31 06:57:24: New connection: v76JT0n-J1u8eWkjAAAa
2025-05-31 06:57:24: User 1 connected
2025-05-31 06:57:26: User v76JT0n-J1u8eWkjAAAa typing to null
2025-05-31 06:57:27: User v76JT0n-J1u8eWkjAAAa typing to null
2025-05-31 06:57:27: User v76JT0n-J1u8eWkjAAAa typing to null
2025-05-31 06:57:27: User v76JT0n-J1u8eWkjAAAa typing to null
2025-05-31 06:57:27: User v76JT0n-J1u8eWkjAAAa typing to null
2025-05-31 06:57:27: User v76JT0n-J1u8eWkjAAAa typing to null
2025-05-31 06:57:27: User v76JT0n-J1u8eWkjAAAa typing to null
2025-05-31 06:57:28: Message Received from: 25
2025-05-31 06:57:32: User v76JT0n-J1u8eWkjAAAa typing to null
2025-05-31 06:57:32: User v76JT0n-J1u8eWkjAAAa typing to null
2025-05-31 06:57:32: User v76JT0n-J1u8eWkjAAAa typing to null
2025-05-31 06:57:32: User v76JT0n-J1u8eWkjAAAa typing to null
2025-05-31 06:57:32: User v76JT0n-J1u8eWkjAAAa typing to null
2025-05-31 06:57:33: User v76JT0n-J1u8eWkjAAAa typing to null
2025-05-31 06:57:33: User v76JT0n-J1u8eWkjAAAa typing to null
2025-05-31 06:57:33: User v76JT0n-J1u8eWkjAAAa typing to null
2025-05-31 06:57:33: User v76JT0n-J1u8eWkjAAAa typing to null
2025-05-31 06:57:33: User v76JT0n-J1u8eWkjAAAa typing to null
2025-05-31 06:57:34: User v76JT0n-J1u8eWkjAAAa typing to null
2025-05-31 06:57:34: User v76JT0n-J1u8eWkjAAAa typing to null
2025-05-31 06:57:34: User v76JT0n-J1u8eWkjAAAa typing to null
2025-05-31 06:57:34: User v76JT0n-J1u8eWkjAAAa typing to null
2025-05-31 06:57:34: User v76JT0n-J1u8eWkjAAAa typing to null
2025-05-31 06:57:34: User v76JT0n-J1u8eWkjAAAa typing to null
2025-05-31 06:57:35: User v76JT0n-J1u8eWkjAAAa typing to null
2025-05-31 06:57:35: User v76JT0n-J1u8eWkjAAAa typing to null
2025-05-31 06:57:35: User v76JT0n-J1u8eWkjAAAa typing to null
2025-05-31 06:57:35: User v76JT0n-J1u8eWkjAAAa typing to null
2025-05-31 06:57:35: User v76JT0n-J1u8eWkjAAAa typing to null
2025-05-31 06:57:35: User v76JT0n-J1u8eWkjAAAa typing to null
2025-05-31 06:57:36: User v76JT0n-J1u8eWkjAAAa typing to null
2025-05-31 06:57:36: User v76JT0n-J1u8eWkjAAAa typing to null
2025-05-31 06:57:36: User v76JT0n-J1u8eWkjAAAa typing to null
2025-05-31 06:57:36: User v76JT0n-J1u8eWkjAAAa typing to null
2025-05-31 06:57:36: User v76JT0n-J1u8eWkjAAAa typing to null
2025-05-31 06:57:36: User v76JT0n-J1u8eWkjAAAa typing to null
2025-05-31 06:57:36: User v76JT0n-J1u8eWkjAAAa typing to null
2025-05-31 06:57:37: User v76JT0n-J1u8eWkjAAAa typing to null
2025-05-31 06:57:37: User v76JT0n-J1u8eWkjAAAa typing to null
2025-05-31 06:57:38: User v76JT0n-J1u8eWkjAAAa typing to null
2025-05-31 06:57:38: User v76JT0n-J1u8eWkjAAAa typing to null
2025-05-31 06:57:38: User v76JT0n-J1u8eWkjAAAa typing to null
2025-06-01 12:21:24: pubClient connected
2025-06-01 12:21:24: subClient connected
2025-06-01 12:21:24: redisClient connected
2025-06-01 12:21:24: pubClient connected
2025-06-01 12:21:24: subClient connected
2025-06-01 12:21:24: redisClient connected
2025-06-01 12:21:24: pubClient ready
2025-06-01 12:21:24: subClient ready
2025-06-01 12:21:24: redisClient ready
2025-06-01 12:21:24: Socket.IO server with Redis running on port 7001
2025-06-01 12:21:24: Allowed origins: https://globalsingle.local/
2025-06-01 12:21:24: pubClient ready
2025-06-01 12:21:24: subClient ready
2025-06-01 12:21:24: redisClient ready
2025-06-01 12:21:24: pubClient connected
2025-06-01 12:21:24: pubClient connected
2025-06-01 12:21:24: Socket.IO server with Redis running on port 7001
2025-06-01 12:21:24: subClient connected
2025-06-01 12:21:24: redisClient connected
2025-06-01 12:21:24: Allowed origins: https://globalsingle.local/
2025-06-01 12:21:24: pubClient ready
2025-06-01 12:21:24: subClient ready
2025-06-01 12:21:24: redisClient ready
2025-06-01 12:21:24: Socket.IO server with Redis running on port 7001
2025-06-01 12:21:24: Allowed origins: https://globalsingle.local/
2025-06-01 12:21:24: subClient connected
2025-06-01 12:21:24: redisClient connected
2025-06-01 12:21:24: pubClient connected
2025-06-01 12:21:24: pubClient connected
2025-06-01 12:21:24: subClient connected
2025-06-01 12:21:24: redisClient connected
2025-06-01 12:21:24: pubClient ready
2025-06-01 12:21:24: subClient ready
2025-06-01 12:21:24: redisClient ready
2025-06-01 12:21:24: subClient connected
2025-06-01 12:21:24: redisClient connected
2025-06-01 12:21:24: pubClient ready
2025-06-01 12:21:24: subClient ready
2025-06-01 12:21:24: redisClient ready
2025-06-01 12:21:24: Socket.IO server with Redis running on port 7001
2025-06-01 12:21:24: Allowed origins: https://globalsingle.local/
2025-06-01 12:21:24: Socket.IO server with Redis running on port 7001
2025-06-01 12:21:24: Allowed origins: https://globalsingle.local/
2025-06-01 12:21:24: pubClient ready
2025-06-01 12:21:24: subClient ready
2025-06-01 12:21:24: redisClient ready
2025-06-01 12:21:24: Socket.IO server with Redis running on port 7001
2025-06-01 12:21:24: Allowed origins: https://globalsingle.local/
2025-06-01 12:21:25: pubClient connected
2025-06-01 12:21:25: subClient connected
2025-06-01 12:21:25: redisClient connected
2025-06-01 12:21:25: pubClient ready
2025-06-01 12:21:25: subClient ready
2025-06-01 12:21:25: redisClient ready
2025-06-01 12:21:25: Socket.IO server with Redis running on port 7001
2025-06-01 12:21:25: Allowed origins: https://globalsingle.local/
2025-06-01 12:21:25: pubClient connected
2025-06-01 12:21:25: subClient connected
2025-06-01 12:21:25: redisClient connected
2025-06-01 12:21:25: pubClient ready
2025-06-01 12:21:25: subClient ready
2025-06-01 12:21:25: redisClient ready
2025-06-01 12:21:25: Socket.IO server with Redis running on port 7001
2025-06-01 12:21:25: Allowed origins: https://globalsingle.local/
